android/.build/outputs/logs/manifest-merger-debug-report.txt
-- Merging decision tree log ---
manifest
ADDED from AndroidManifest.xml:2:1
	package
		ADDED from AndroidManifest.xml:2:11
		INJECTED from AndroidManifest.xml:0:0
		INJECTED from AndroidManifest.xml:0:0
	android:versionName
		ADDED from AndroidManifest.xml:2:95
		INJECTED from AndroidManifest.xml:0:0
		INJECTED from AndroidManifest.xml:0:0
	android:versionCode
		ADDED from AndroidManifest.xml:2:121
		INJECTED from AndroidManifest.xml:0:0
		INJECTED from AndroidManifest.xml:0:0
	xmlns:android
		ADDED from AndroidManifest.xml:2:36
	android:installLocation
		ADDED from AndroidManifest.xml:2:145
application
ADDED from AndroidManifest.xml:3:5
MERGED from com.google.firebase:firebase-messaging:9.6.0:19:5
MERGED from com.google.android.gms:play-services-basement:9.6.0:19:5
MERGED from com.android.support:support-v4:24.0.0:25:5
MERGED from com.google.firebase:firebase-iid:9.6.0:28:5
MERGED from com.google.android.gms:play-services-basement:9.6.0:19:5
MERGED from com.android.support:support-v4:24.0.0:25:5
MERGED from com.google.firebase:firebase-common:9.6.0:4:5
MERGED from com.google.android.gms:play-services-basement:9.6.0:19:5
MERGED from com.android.support:support-v4:24.0.0:25:5
MERGED from com.google.android.gms:play-services-tasks:9.6.0:4:5
MERGED from com.google.android.gms:play-services-basement:9.6.0:19:5
MERGED from com.android.support:support-v4:24.0.0:25:5
MERGED from com.google.firebase:firebase-common:9.6.0:4:5
MERGED from com.google.android.gms:play-services-basement:9.6.0:19:5
MERGED from com.android.support:support-v4:24.0.0:25:5
MERGED from com.google.android.gms:play-services-tasks:9.6.0:4:5
MERGED from com.google.android.gms:play-services-basement:9.6.0:19:5
MERGED from com.android.support:support-v4:24.0.0:25:5
MERGED from com.google.firebase:firebase-core:9.6.0:5:5
MERGED from com.google.firebase:firebase-analytics:9.6.0:24:5
MERGED from com.google.android.gms:play-services-basement:9.6.0:19:5
MERGED from com.android.support:support-v4:24.0.0:25:5
MERGED from com.google.firebase:firebase-common:9.6.0:4:5
MERGED from com.google.android.gms:play-services-basement:9.6.0:19:5
MERGED from com.android.support:support-v4:24.0.0:25:5
MERGED from com.google.android.gms:play-services-tasks:9.6.0:4:5
MERGED from com.google.android.gms:play-services-basement:9.6.0:19:5
MERGED from com.android.support:support-v4:24.0.0:25:5
MERGED from com.google.firebase:firebase-analytics-impl:9.6.0:24:5
MERGED from com.google.android.gms:play-services-basement:9.6.0:19:5
MERGED from com.android.support:support-v4:24.0.0:25:5
MERGED from com.google.firebase:firebase-iid:9.6.0:28:5
MERGED from com.google.android.gms:play-services-basement:9.6.0:19:5
MERGED from com.android.support:support-v4:24.0.0:25:5
MERGED from com.google.firebase:firebase-common:9.6.0:4:5
MERGED from com.google.android.gms:play-services-basement:9.6.0:19:5
MERGED from com.android.support:support-v4:24.0.0:25:5
MERGED from com.google.android.gms:play-services-tasks:9.6.0:4:5
MERGED from com.google.android.gms:play-services-basement:9.6.0:19:5
MERGED from com.android.support:support-v4:24.0.0:25:5
MERGED from com.google.firebase:firebase-common:9.6.0:4:5
MERGED from com.google.android.gms:play-services-basement:9.6.0:19:5
MERGED from com.android.support:support-v4:24.0.0:25:5
MERGED from com.google.android.gms:play-services-tasks:9.6.0:4:5
MERGED from com.google.android.gms:play-services-basement:9.6.0:19:5
MERGED from com.android.support:support-v4:24.0.0:25:5
	android:label
		ADDED from AndroidManifest.xml:3:117
	android:hardwareAccelerated
		ADDED from AndroidManifest.xml:3:18
	android:icon
		ADDED from AndroidManifest.xml:3:140
	android:name
		ADDED from AndroidManifest.xml:3:53
activity#org.qtproject.qt5.android.bindings.QtActivity
ADDED from AndroidManifest.xml:4:9
	android:screenOrientation
		ADDED from AndroidManifest.xml:4:257
	android:label
		ADDED from AndroidManifest.xml:4:234
	android:launchMode
		ADDED from AndroidManifest.xml:4:297
	android:configChanges
		ADDED from AndroidManifest.xml:4:19
	android:name
		ADDED from AndroidManifest.xml:4:173
intent-filter#android.intent.action.MAIN+android.intent.category.LAUNCHER
ADDED from AndroidManifest.xml:5:13
action#android.intent.action.MAIN
ADDED from AndroidManifest.xml:6:17
	android:name
		ADDED from AndroidManifest.xml:6:25
category#android.intent.category.LAUNCHER
ADDED from AndroidManifest.xml:7:17
	android:name
		ADDED from AndroidManifest.xml:7:27
meta-data#android.app.lib_name
ADDED from AndroidManifest.xml:14:13
	android:value
		ADDED from AndroidManifest.xml:14:60
	android:name
		ADDED from AndroidManifest.xml:14:24
meta-data#android.app.qt_sources_resource_id
ADDED from AndroidManifest.xml:15:13
	android:resource
		ADDED from AndroidManifest.xml:15:74
	android:name
		ADDED from AndroidManifest.xml:15:24
meta-data#android.app.repository
ADDED from AndroidManifest.xml:16:13
	android:value
		ADDED from AndroidManifest.xml:16:62
	android:name
		ADDED from AndroidManifest.xml:16:24
meta-data#android.app.qt_libs_resource_id
ADDED from AndroidManifest.xml:17:13
	android:resource
		ADDED from AndroidManifest.xml:17:71
	android:name
		ADDED from AndroidManifest.xml:17:24
meta-data#android.app.bundled_libs_resource_id
ADDED from AndroidManifest.xml:18:13
	android:resource
		ADDED from AndroidManifest.xml:18:76
	android:name
		ADDED from AndroidManifest.xml:18:24
meta-data#android.app.bundle_local_qt_libs
ADDED from AndroidManifest.xml:20:13
	android:value
		ADDED from AndroidManifest.xml:20:72
	android:name
		ADDED from AndroidManifest.xml:20:24
meta-data#android.app.bundled_in_lib_resource_id
ADDED from AndroidManifest.xml:21:13
	android:resource
		ADDED from AndroidManifest.xml:21:78
	android:name
		ADDED from AndroidManifest.xml:21:24
meta-data#android.app.bundled_in_assets_resource_id
ADDED from AndroidManifest.xml:22:13
	android:resource
		ADDED from AndroidManifest.xml:22:81
	android:name
		ADDED from AndroidManifest.xml:22:24
meta-data#android.app.use_local_qt_libs
ADDED from AndroidManifest.xml:24:13
	android:value
		ADDED from AndroidManifest.xml:24:69
	android:name
		ADDED from AndroidManifest.xml:24:24
meta-data#android.app.libs_prefix
ADDED from AndroidManifest.xml:25:13
	android:value
		ADDED from AndroidManifest.xml:25:63
	android:name
		ADDED from AndroidManifest.xml:25:24
meta-data#android.app.load_local_libs
ADDED from AndroidManifest.xml:26:13
	android:value
		ADDED from AndroidManifest.xml:26:67
	android:name
		ADDED from AndroidManifest.xml:26:24
meta-data#android.app.load_local_jars
ADDED from AndroidManifest.xml:27:13
	android:value
		ADDED from AndroidManifest.xml:27:67
	android:name
		ADDED from AndroidManifest.xml:27:24
meta-data#android.app.static_init_classes
ADDED from AndroidManifest.xml:28:13
	android:value
		ADDED from AndroidManifest.xml:28:71
	android:name
		ADDED from AndroidManifest.xml:28:24
meta-data#android.app.ministro_not_found_msg
ADDED from AndroidManifest.xml:30:13
	android:value
		ADDED from AndroidManifest.xml:30:24
	android:name
		ADDED from AndroidManifest.xml:30:71
meta-data#android.app.ministro_needed_msg
ADDED from AndroidManifest.xml:31:13
	android:value
		ADDED from AndroidManifest.xml:31:24
	android:name
		ADDED from AndroidManifest.xml:31:68
meta-data#android.app.fatal_error_msg
ADDED from AndroidManifest.xml:32:13
	android:value
		ADDED from AndroidManifest.xml:32:24
	android:name
		ADDED from AndroidManifest.xml:32:64
meta-data#android.app.background_running
ADDED from AndroidManifest.xml:45:13
	android:value
		ADDED from AndroidManifest.xml:45:70
	android:name
		ADDED from AndroidManifest.xml:45:24
meta-data#android.app.auto_screen_scale_factor
ADDED from AndroidManifest.xml:49:13
	android:value
		ADDED from AndroidManifest.xml:49:76
	android:name
		ADDED from AndroidManifest.xml:49:24
meta-data#android.app.extract_android_style
ADDED from AndroidManifest.xml:58:13
	android:value
		ADDED from AndroidManifest.xml:58:73
	android:name
		ADDED from AndroidManifest.xml:58:24
uses-sdk
ADDED from AndroidManifest.xml:66:5
MERGED from com.google.firebase:firebase-messaging:9.6.0:17:5
MERGED from com.google.android.gms:play-services-basement:9.6.0:17:5
MERGED from com.android.support:support-v4:24.0.0:21:5
MERGED from com.google.firebase:firebase-iid:9.6.0:17:5
MERGED from com.google.android.gms:play-services-basement:9.6.0:17:5
MERGED from com.android.support:support-v4:24.0.0:21:5
MERGED from com.google.firebase:firebase-common:9.6.0:3:5
MERGED from com.google.android.gms:play-services-basement:9.6.0:17:5
MERGED from com.android.support:support-v4:24.0.0:21:5
MERGED from com.google.android.gms:play-services-tasks:9.6.0:3:5
MERGED from com.google.android.gms:play-services-basement:9.6.0:17:5
MERGED from com.android.support:support-v4:24.0.0:21:5
MERGED from com.google.firebase:firebase-common:9.6.0:3:5
MERGED from com.google.android.gms:play-services-basement:9.6.0:17:5
MERGED from com.android.support:support-v4:24.0.0:21:5
MERGED from com.google.android.gms:play-services-tasks:9.6.0:3:5
MERGED from com.google.android.gms:play-services-basement:9.6.0:17:5
MERGED from com.android.support:support-v4:24.0.0:21:5
MERGED from com.google.firebase:firebase-core:9.6.0:4:5
MERGED from com.google.firebase:firebase-analytics:9.6.0:17:5
MERGED from com.google.android.gms:play-services-basement:9.6.0:17:5
MERGED from com.android.support:support-v4:24.0.0:21:5
MERGED from com.google.firebase:firebase-common:9.6.0:3:5
MERGED from com.google.android.gms:play-services-basement:9.6.0:17:5
MERGED from com.android.support:support-v4:24.0.0:21:5
MERGED from com.google.android.gms:play-services-tasks:9.6.0:3:5
MERGED from com.google.android.gms:play-services-basement:9.6.0:17:5
MERGED from com.android.support:support-v4:24.0.0:21:5
MERGED from com.google.firebase:firebase-analytics-impl:9.6.0:17:5
MERGED from com.google.android.gms:play-services-basement:9.6.0:17:5
MERGED from com.android.support:support-v4:24.0.0:21:5
MERGED from com.google.firebase:firebase-iid:9.6.0:17:5
MERGED from com.google.android.gms:play-services-basement:9.6.0:17:5
MERGED from com.android.support:support-v4:24.0.0:21:5
MERGED from com.google.firebase:firebase-common:9.6.0:3:5
MERGED from com.google.android.gms:play-services-basement:9.6.0:17:5
MERGED from com.android.support:support-v4:24.0.0:21:5
MERGED from com.google.android.gms:play-services-tasks:9.6.0:3:5
MERGED from com.google.android.gms:play-services-basement:9.6.0:17:5
MERGED from com.android.support:support-v4:24.0.0:21:5
MERGED from com.google.firebase:firebase-common:9.6.0:3:5
MERGED from com.google.android.gms:play-services-basement:9.6.0:17:5
MERGED from com.android.support:support-v4:24.0.0:21:5
MERGED from com.google.android.gms:play-services-tasks:9.6.0:3:5
MERGED from com.google.android.gms:play-services-basement:9.6.0:17:5
MERGED from com.android.support:support-v4:24.0.0:21:5
	tools:overrideLibrary
		ADDED from com.android.support:support-v4:24.0.0:23:9
	android:targetSdkVersion
		ADDED from AndroidManifest.xml:66:42
		INJECTED from AndroidManifest.xml:0:0
		INJECTED from AndroidManifest.xml:0:0
	android:minSdkVersion
		ADDED from AndroidManifest.xml:66:15
		INJECTED from AndroidManifest.xml:0:0
		INJECTED from AndroidManifest.xml:0:0
supports-screens
ADDED from AndroidManifest.xml:67:5
	android:largeScreens
		ADDED from AndroidManifest.xml:67:23
	android:smallScreens
		ADDED from AndroidManifest.xml:67:106
	android:normalScreens
		ADDED from AndroidManifest.xml:67:51
	android:anyDensity
		ADDED from AndroidManifest.xml:67:80
uses-permission#android.permission.INTERNET
ADDED from AndroidManifest.xml:77:1
MERGED from com.google.firebase:firebase-iid:9.6.0:20:5
MERGED from com.google.firebase:firebase-analytics:9.6.0:20:5
MERGED from com.google.firebase:firebase-analytics-impl:9.6.0:20:5
MERGED from com.google.firebase:firebase-iid:9.6.0:20:5
	android:name
		ADDED from AndroidManifest.xml:77:18
service#com.google.firebase.messaging.FirebaseMessagingService
ADDED from com.google.firebase:firebase-messaging:9.6.0:23:9
	android:exported
		ADDED from com.google.firebase:firebase-messaging:9.6.0:23:88
	android:name
		ADDED from com.google.firebase:firebase-messaging:9.6.0:23:18
intent-filter#com.google.firebase.MESSAGING_EVENT
ADDED from com.google.firebase:firebase-messaging:9.6.0:24:13
	android:priority
		ADDED from com.google.firebase:firebase-messaging:9.6.0:24:28
action#com.google.firebase.MESSAGING_EVENT
ADDED from com.google.firebase:firebase-messaging:9.6.0:25:17
	android:name
		ADDED from com.google.firebase:firebase-messaging:9.6.0:25:25
meta-data#com.google.android.gms.version
ADDED from com.google.android.gms:play-services-basement:9.6.0:20:9
MERGED from com.google.android.gms:play-services-basement:9.6.0:20:9
MERGED from com.google.android.gms:play-services-basement:9.6.0:20:9
MERGED from com.google.android.gms:play-services-basement:9.6.0:20:9
MERGED from com.google.android.gms:play-services-basement:9.6.0:20:9
MERGED from com.google.android.gms:play-services-basement:9.6.0:20:9
MERGED from com.google.android.gms:play-services-basement:9.6.0:20:9
MERGED from com.google.android.gms:play-services-basement:9.6.0:20:9
MERGED from com.google.android.gms:play-services-basement:9.6.0:20:9
MERGED from com.google.android.gms:play-services-basement:9.6.0:20:9
MERGED from com.google.android.gms:play-services-basement:9.6.0:20:9
MERGED from com.google.android.gms:play-services-basement:9.6.0:20:9
MERGED from com.google.android.gms:play-services-basement:9.6.0:20:9
MERGED from com.google.android.gms:play-services-basement:9.6.0:20:9
MERGED from com.google.android.gms:play-services-basement:9.6.0:20:9
	android:value
		ADDED from com.google.android.gms:play-services-basement:9.6.0:20:66
	android:name
		ADDED from com.google.android.gms:play-services-basement:9.6.0:20:20
uses-permission#android.permission.ACCESS_NETWORK_STATE
ADDED from com.google.firebase:firebase-iid:9.6.0:19:5
MERGED from com.google.firebase:firebase-analytics:9.6.0:21:5
MERGED from com.google.firebase:firebase-analytics-impl:9.6.0:21:5
MERGED from com.google.firebase:firebase-iid:9.6.0:19:5
	android:name
		ADDED from com.google.firebase:firebase-iid:9.6.0:19:22
uses-permission#android.permission.WAKE_LOCK
ADDED from com.google.firebase:firebase-iid:9.6.0:21:5
MERGED from com.google.firebase:firebase-analytics:9.6.0:22:5
MERGED from com.google.firebase:firebase-analytics-impl:9.6.0:22:5
MERGED from com.google.firebase:firebase-iid:9.6.0:21:5
	android:name
		ADDED from com.google.firebase:firebase-iid:9.6.0:21:22
uses-permission#com.google.android.c2dm.permission.RECEIVE
ADDED from com.google.firebase:firebase-iid:9.6.0:22:5
MERGED from com.google.firebase:firebase-iid:9.6.0:22:5
	android:name
		ADDED from com.google.firebase:firebase-iid:9.6.0:22:22
permission#${applicationId}.permission.C2D_MESSAGE
ADDED from com.google.firebase:firebase-iid:9.6.0:24:5
	android:protectionLevel
		ADDED from com.google.firebase:firebase-iid:9.6.0:24:72
	android:name
		ADDED from com.google.firebase:firebase-iid:9.6.0:24:17
uses-permission#${applicationId}.permission.C2D_MESSAGE
ADDED from com.google.firebase:firebase-iid:9.6.0:26:5
	android:name
		ADDED from com.google.firebase:firebase-iid:9.6.0:26:22
receiver#com.google.firebase.iid.FirebaseInstanceIdReceiver
ADDED from com.google.firebase:firebase-iid:9.6.0:30:9
MERGED from com.google.firebase:firebase-iid:9.6.0:30:9
	android:exported
		ADDED from com.google.firebase:firebase-iid:9.6.0:30:85
	android:permission
		ADDED from com.google.firebase:firebase-iid:9.6.0:30:109
	android:name
		ADDED from com.google.firebase:firebase-iid:9.6.0:30:19
intent-filter#${applicationId}+com.google.android.c2dm.intent.RECEIVE+com.google.android.c2dm.intent.REGISTRATION
ADDED from com.google.firebase:firebase-iid:9.6.0:31:13
action#com.google.android.c2dm.intent.RECEIVE
ADDED from com.google.firebase:firebase-iid:9.6.0:32:17
	android:name
		ADDED from com.google.firebase:firebase-iid:9.6.0:32:25
action#com.google.android.c2dm.intent.REGISTRATION
ADDED from com.google.firebase:firebase-iid:9.6.0:33:17
	android:name
		ADDED from com.google.firebase:firebase-iid:9.6.0:33:25
category#${applicationId}
ADDED from com.google.firebase:firebase-iid:9.6.0:34:17
	android:name
		ADDED from com.google.firebase:firebase-iid:9.6.0:34:27
receiver#com.google.firebase.iid.FirebaseInstanceIdInternalReceiver
ADDED from com.google.firebase:firebase-iid:9.6.0:40:9
MERGED from com.google.firebase:firebase-iid:9.6.0:40:9
	android:exported
		ADDED from com.google.firebase:firebase-iid:9.6.0:40:93
	android:name
		ADDED from com.google.firebase:firebase-iid:9.6.0:40:19
service#com.google.firebase.iid.FirebaseInstanceIdService
ADDED from com.google.firebase:firebase-iid:9.6.0:44:9
MERGED from com.google.firebase:firebase-iid:9.6.0:44:9
	android:exported
		ADDED from com.google.firebase:firebase-iid:9.6.0:44:83
	android:name
		ADDED from com.google.firebase:firebase-iid:9.6.0:44:18
intent-filter#com.google.firebase.INSTANCE_ID_EVENT
ADDED from com.google.firebase:firebase-iid:9.6.0:45:13
	android:priority
		ADDED from com.google.firebase:firebase-iid:9.6.0:45:28
action#com.google.firebase.INSTANCE_ID_EVENT
ADDED from com.google.firebase:firebase-iid:9.6.0:46:17
	android:name
		ADDED from com.google.firebase:firebase-iid:9.6.0:46:25
provider#com.google.firebase.provider.FirebaseInitProvider
ADDED from com.google.firebase:firebase-common:9.6.0:6:9
MERGED from com.google.firebase:firebase-common:9.6.0:6:9
MERGED from com.google.firebase:firebase-common:9.6.0:6:9
MERGED from com.google.firebase:firebase-common:9.6.0:6:9
MERGED from com.google.firebase:firebase-common:9.6.0:6:9
	android:authorities
		ADDED from com.google.firebase:firebase-common:9.6.0:6:19
	android:exported
		ADDED from com.google.firebase:firebase-common:9.6.0:6:125
	android:initOrder
		ADDED from com.google.firebase:firebase-common:9.6.0:6:150
	android:name
		ADDED from com.google.firebase:firebase-common:9.6.0:6:79
receiver#com.google.android.gms.measurement.AppMeasurementReceiver
ADDED from com.google.firebase:firebase-analytics:9.6.0:25:7
MERGED from com.google.firebase:firebase-analytics-impl:9.6.0:25:7
	android:enabled
		ADDED from com.google.firebase:firebase-analytics:9.6.0:25:90
	android:exported
		ADDED from com.google.firebase:firebase-analytics:9.6.0:25:113
	android:name
		ADDED from com.google.firebase:firebase-analytics:9.6.0:25:17
receiver#com.google.android.gms.measurement.AppMeasurementInstallReferrerReceiver
ADDED from com.google.firebase:firebase-analytics:9.6.0:27:7
	android:enabled
		ADDED from com.google.firebase:firebase-analytics:9.6.0:27:162
	android:permission
		ADDED from com.google.firebase:firebase-analytics:9.6.0:27:105
	android:name
		ADDED from com.google.firebase:firebase-analytics:9.6.0:27:17
intent-filter#com.android.vending.INSTALL_REFERRER
ADDED from com.google.firebase:firebase-analytics:9.6.0:28:11
action#com.android.vending.INSTALL_REFERRER
ADDED from com.google.firebase:firebase-analytics:9.6.0:29:15
	android:name
		ADDED from com.google.firebase:firebase-analytics:9.6.0:29:23
service#com.google.android.gms.measurement.AppMeasurementService
ADDED from com.google.firebase:firebase-analytics:9.6.0:32:7
MERGED from com.google.firebase:firebase-analytics-impl:9.6.0:27:7
	android:enabled
		ADDED from com.google.firebase:firebase-analytics:9.6.0:32:88
	android:exported
		ADDED from com.google.firebase:firebase-analytics:9.6.0:32:111
	android:name
		ADDED from com.google.firebase:firebase-analytics:9.6.0:32:16
permission#org.kde.ruqola.permission.C2D_MESSAGE
MERGED from com.google.firebase:firebase-iid:9.6.0:24:5
uses-permission#org.kde.ruqola.permission.C2D_MESSAGE
MERGED from com.google.firebase:firebase-iid:9.6.0:26:5